load word2vec vectors: 6741 300
0 D0821D-A
---------------------------------------------
1 ROUGE-1 Average_R: 0.21000 (95%-conf.int. 0.21000 - 0.21000)
1 ROUGE-1 Average_P: 0.33333 (95%-conf.int. 0.33333 - 0.33333)
1 ROUGE-1 Average_F: 0.25767 (95%-conf.int. 0.25767 - 0.25767)
---------------------------------------------
1 ROUGE-2 Average_R: 0.02020 (95%-conf.int. 0.02020 - 0.02020)
1 ROUGE-2 Average_P: 0.03226 (95%-conf.int. 0.03226 - 0.03226)
1 ROUGE-2 Average_F: 0.02484 (95%-conf.int. 0.02484 - 0.02484)
---------------------------------------------
1 ROUGE-3 Average_R: 0.01276 (95%-conf.int. 0.01276 - 0.01276)
1 ROUGE-3 Average_P: 0.02049 (95%-conf.int. 0.02049 - 0.02049)
1 ROUGE-3 Average_F: 0.01573 (95%-conf.int. 0.01573 - 0.01573)
---------------------------------------------
1 ROUGE-4 Average_R: 0.00773 (95%-conf.int. 0.00773 - 0.00773)
1 ROUGE-4 Average_P: 0.01250 (95%-conf.int. 0.01250 - 0.01250)
1 ROUGE-4 Average_F: 0.00955 (95%-conf.int. 0.00955 - 0.00955)
---------------------------------------------
1 ROUGE-L Average_R: 0.19000 (95%-conf.int. 0.19000 - 0.19000)
1 ROUGE-L Average_P: 0.30159 (95%-conf.int. 0.30159 - 0.30159)
1 ROUGE-L Average_F: 0.23313 (95%-conf.int. 0.23313 - 0.23313)
---------------------------------------------
1 ROUGE-W-1.2 Average_R: 0.07019 (95%-conf.int. 0.07019 - 0.07019)
1 ROUGE-W-1.2 Average_P: 0.19418 (95%-conf.int. 0.19418 - 0.19418)
1 ROUGE-W-1.2 Average_F: 0.10311 (95%-conf.int. 0.10311 - 0.10311)

1 D0842G-A
---------------------------------------------
1 ROUGE-1 Average_R: 0.25436 (95%-conf.int. 0.25436 - 0.25436)
1 ROUGE-1 Average_P: 0.48113 (95%-conf.int. 0.48113 - 0.48113)
1 ROUGE-1 Average_F: 0.33279 (95%-conf.int. 0.33279 - 0.33279)
---------------------------------------------
1 ROUGE-2 Average_R: 0.03023 (95%-conf.int. 0.03023 - 0.03023)
1 ROUGE-2 Average_P: 0.05769 (95%-conf.int. 0.05769 - 0.05769)
1 ROUGE-2 Average_F: 0.03967 (95%-conf.int. 0.03967 - 0.03967)
---------------------------------------------
1 ROUGE-3 Average_R: 0.00000 (95%-conf.int. 0.00000 - 0.00000)
1 ROUGE-3 Average_P: 0.00000 (95%-conf.int. 0.00000 - 0.00000)
1 ROUGE-3 Average_F: 0.00000 (95%-conf.int. 0.00000 - 0.00000)
---------------------------------------------
1 ROUGE-4 Average_R: 0.00000 (95%-conf.int. 0.00000 - 0.00000)
1 ROUGE-4 Average_P: 0.00000 (95%-conf.int. 0.00000 - 0.00000)
1 ROUGE-4 Average_F: 0.00000 (95%-conf.int. 0.00000 - 0.00000)
---------------------------------------------
1 ROUGE-L Average_R: 0.22943 (95%-conf.int. 0.22943 - 0.22943)
1 ROUGE-L Average_P: 0.43396 (95%-conf.int. 0.43396 - 0.43396)
1 ROUGE-L Average_F: 0.30017 (95%-conf.int. 0.30017 - 0.30017)
---------------------------------------------
1 ROUGE-W-1.2 Average_R: 0.07890 (95%-conf.int. 0.07890 - 0.07890)
1 ROUGE-W-1.2 Average_P: 0.26414 (95%-conf.int. 0.26414 - 0.26414)
1 ROUGE-W-1.2 Average_F: 0.12151 (95%-conf.int. 0.12151 - 0.12151)

2 D0804A-A
---------------------------------------------
1 ROUGE-1 Average_R: 0.09976 (95%-conf.int. 0.09976 - 0.09976)
1 ROUGE-1 Average_P: 0.33065 (95%-conf.int. 0.33065 - 0.33065)
1 ROUGE-1 Average_F: 0.15328 (95%-conf.int. 0.15328 - 0.15328)
---------------------------------------------
1 ROUGE-2 Average_R: 0.01720 (95%-conf.int. 0.01720 - 0.01720)
1 ROUGE-2 Average_P: 0.05833 (95%-conf.int. 0.05833 - 0.05833)
1 ROUGE-2 Average_F: 0.02657 (95%-conf.int. 0.02657 - 0.02657)
---------------------------------------------
1 ROUGE-3 Average_R: 0.00000 (95%-conf.int. 0.00000 - 0.00000)
1 ROUGE-3 Average_P: 0.00000 (95%-conf.int. 0.00000 - 0.00000)
1 ROUGE-3 Average_F: 0.00000 (95%-conf.int. 0.00000 - 0.00000)
---------------------------------------------
1 ROUGE-4 Average_R: 0.00000 (95%-conf.int. 0.00000 - 0.00000)
1 ROUGE-4 Average_P: 0.00000 (95%-conf.int. 0.00000 - 0.00000)
1 ROUGE-4 Average_F: 0.00000 (95%-conf.int. 0.00000 - 0.00000)
---------------------------------------------
1 ROUGE-L Average_R: 0.08029 (95%-conf.int. 0.08029 - 0.08029)
1 ROUGE-L Average_P: 0.26613 (95%-conf.int. 0.26613 - 0.26613)
1 ROUGE-L Average_F: 0.12336 (95%-conf.int. 0.12336 - 0.12336)
---------------------------------------------
1 ROUGE-W-1.2 Average_R: 0.03161 (95%-conf.int. 0.03161 - 0.03161)
1 ROUGE-W-1.2 Average_P: 0.18287 (95%-conf.int. 0.18287 - 0.18287)
1 ROUGE-W-1.2 Average_F: 0.05390 (95%-conf.int. 0.05390 - 0.05390)

3 D0838G-A
---------------------------------------------
1 ROUGE-1 Average_R: 0.19853 (95%-conf.int. 0.19853 - 0.19853)
1 ROUGE-1 Average_P: 0.54730 (95%-conf.int. 0.54730 - 0.54730)
1 ROUGE-1 Average_F: 0.29137 (95%-conf.int. 0.29137 - 0.29137)
---------------------------------------------
1 ROUGE-2 Average_R: 0.09406 (95%-conf.int. 0.09406 - 0.09406)
1 ROUGE-2 Average_P: 0.26389 (95%-conf.int. 0.26389 - 0.26389)
1 ROUGE-2 Average_F: 0.13869 (95%-conf.int. 0.13869 - 0.13869)
---------------------------------------------
1 ROUGE-3 Average_R: 0.05000 (95%-conf.int. 0.05000 - 0.05000)
1 ROUGE-3 Average_P: 0.14286 (95%-conf.int. 0.14286 - 0.14286)
1 ROUGE-3 Average_F: 0.07407 (95%-conf.int. 0.07407 - 0.07407)
---------------------------------------------
1 ROUGE-4 Average_R: 0.02778 (95%-conf.int. 0.02778 - 0.02778)
1 ROUGE-4 Average_P: 0.08088 (95%-conf.int. 0.08088 - 0.08088)
1 ROUGE-4 Average_F: 0.04136 (95%-conf.int. 0.04136 - 0.04136)
---------------------------------------------
1 ROUGE-L Average_R: 0.18293 (95%-conf.int. 0.18293 - 0.18293)
1 ROUGE-L Average_P: 0.50676 (95%-conf.int. 0.50676 - 0.50676)
1 ROUGE-L Average_F: 0.26882 (95%-conf.int. 0.26882 - 0.26882)
---------------------------------------------
1 ROUGE-W-1.2 Average_R: 0.06928 (95%-conf.int. 0.06928 - 0.06928)
1 ROUGE-W-1.2 Average_P: 0.33513 (95%-conf.int. 0.33513 - 0.33513)
1 ROUGE-W-1.2 Average_F: 0.11482 (95%-conf.int. 0.11482 - 0.11482)

4 D0839G-A
---------------------------------------------
1 ROUGE-1 Average_R: 0.32518 (95%-conf.int. 0.32518 - 0.32518)
1 ROUGE-1 Average_P: 0.41049 (95%-conf.int. 0.41049 - 0.41049)
1 ROUGE-1 Average_F: 0.36289 (95%-conf.int. 0.36289 - 0.36289)
---------------------------------------------
1 ROUGE-2 Average_R: 0.09136 (95%-conf.int. 0.09136 - 0.09136)
1 ROUGE-2 Average_P: 0.11563 (95%-conf.int. 0.11563 - 0.11563)
1 ROUGE-2 Average_F: 0.10207 (95%-conf.int. 0.10207 - 0.10207)
---------------------------------------------
1 ROUGE-3 Average_R: 0.02743 (95%-conf.int. 0.02743 - 0.02743)
1 ROUGE-3 Average_P: 0.03481 (95%-conf.int. 0.03481 - 0.03481)
1 ROUGE-3 Average_F: 0.03068 (95%-conf.int. 0.03068 - 0.03068)
---------------------------------------------
1 ROUGE-4 Average_R: 0.00504 (95%-conf.int. 0.00504 - 0.00504)
1 ROUGE-4 Average_P: 0.00641 (95%-conf.int. 0.00641 - 0.00641)
1 ROUGE-4 Average_F: 0.00564 (95%-conf.int. 0.00564 - 0.00564)
---------------------------------------------
1 ROUGE-L Average_R: 0.27384 (95%-conf.int. 0.27384 - 0.27384)
1 ROUGE-L Average_P: 0.34568 (95%-conf.int. 0.34568 - 0.34568)
1 ROUGE-L Average_F: 0.30559 (95%-conf.int. 0.30559 - 0.30559)
---------------------------------------------
1 ROUGE-W-1.2 Average_R: 0.09405 (95%-conf.int. 0.09405 - 0.09405)
1 ROUGE-W-1.2 Average_P: 0.21994 (95%-conf.int. 0.21994 - 0.21994)
1 ROUGE-W-1.2 Average_F: 0.13176 (95%-conf.int. 0.13176 - 0.13176)

5 D0808B-A
---------------------------------------------
1 ROUGE-1 Average_R: 0.27318 (95%-conf.int. 0.27318 - 0.27318)
1 ROUGE-1 Average_P: 0.38929 (95%-conf.int. 0.38929 - 0.38929)
1 ROUGE-1 Average_F: 0.32106 (95%-conf.int. 0.32106 - 0.32106)
---------------------------------------------
1 ROUGE-2 Average_R: 0.08861 (95%-conf.int. 0.08861 - 0.08861)
1 ROUGE-2 Average_P: 0.12681 (95%-conf.int. 0.12681 - 0.12681)
1 ROUGE-2 Average_F: 0.10432 (95%-conf.int. 0.10432 - 0.10432)
---------------------------------------------
1 ROUGE-3 Average_R: 0.04092 (95%-conf.int. 0.04092 - 0.04092)
1 ROUGE-3 Average_P: 0.05882 (95%-conf.int. 0.05882 - 0.05882)
1 ROUGE-3 Average_F: 0.04826 (95%-conf.int. 0.04826 - 0.04826)
---------------------------------------------
1 ROUGE-4 Average_R: 0.01809 (95%-conf.int. 0.01809 - 0.01809)
1 ROUGE-4 Average_P: 0.02612 (95%-conf.int. 0.02612 - 0.02612)
1 ROUGE-4 Average_F: 0.02138 (95%-conf.int. 0.02138 - 0.02138)
---------------------------------------------
1 ROUGE-L Average_R: 0.22500 (95%-conf.int. 0.22500 - 0.22500)
1 ROUGE-L Average_P: 0.32143 (95%-conf.int. 0.32143 - 0.32143)
1 ROUGE-L Average_F: 0.26471 (95%-conf.int. 0.26471 - 0.26471)
---------------------------------------------
1 ROUGE-W-1.2 Average_R: 0.08451 (95%-conf.int. 0.08451 - 0.08451)
1 ROUGE-W-1.2 Average_P: 0.21453 (95%-conf.int. 0.21453 - 0.21453)
1 ROUGE-W-1.2 Average_F: 0.12125 (95%-conf.int. 0.12125 - 0.12125)

6 D0801A-A
---------------------------------------------
1 ROUGE-1 Average_R: 0.16121 (95%-conf.int. 0.16121 - 0.16121)
1 ROUGE-1 Average_P: 0.45714 (95%-conf.int. 0.45714 - 0.45714)
1 ROUGE-1 Average_F: 0.23836 (95%-conf.int. 0.23836 - 0.23836)
---------------------------------------------
1 ROUGE-2 Average_R: 0.01272 (95%-conf.int. 0.01272 - 0.01272)
1 ROUGE-2 Average_P: 0.03676 (95%-conf.int. 0.03676 - 0.03676)
1 ROUGE-2 Average_F: 0.01890 (95%-conf.int. 0.01890 - 0.01890)
---------------------------------------------
1 ROUGE-3 Average_R: 0.00000 (95%-conf.int. 0.00000 - 0.00000)
1 ROUGE-3 Average_P: 0.00000 (95%-conf.int. 0.00000 - 0.00000)
1 ROUGE-3 Average_F: 0.00000 (95%-conf.int. 0.00000 - 0.00000)
---------------------------------------------
1 ROUGE-4 Average_R: 0.00000 (95%-conf.int. 0.00000 - 0.00000)
1 ROUGE-4 Average_P: 0.00000 (95%-conf.int. 0.00000 - 0.00000)
1 ROUGE-4 Average_F: 0.00000 (95%-conf.int. 0.00000 - 0.00000)
---------------------------------------------
1 ROUGE-L Average_R: 0.15365 (95%-conf.int. 0.15365 - 0.15365)
1 ROUGE-L Average_P: 0.43571 (95%-conf.int. 0.43571 - 0.43571)
1 ROUGE-L Average_F: 0.22718 (95%-conf.int. 0.22718 - 0.22718)
---------------------------------------------
1 ROUGE-W-1.2 Average_R: 0.06034 (95%-conf.int. 0.06034 - 0.06034)
1 ROUGE-W-1.2 Average_P: 0.28801 (95%-conf.int. 0.28801 - 0.28801)
1 ROUGE-W-1.2 Average_F: 0.09978 (95%-conf.int. 0.09978 - 0.09978)

7 D0803A-A
---------------------------------------------
1 ROUGE-1 Average_R: 0.18362 (95%-conf.int. 0.18362 - 0.18362)
1 ROUGE-1 Average_P: 0.44048 (95%-conf.int. 0.44048 - 0.44048)
1 ROUGE-1 Average_F: 0.25919 (95%-conf.int. 0.25919 - 0.25919)
---------------------------------------------
1 ROUGE-2 Average_R: 0.05764 (95%-conf.int. 0.05764 - 0.05764)
1 ROUGE-2 Average_P: 0.14024 (95%-conf.int. 0.14024 - 0.14024)
1 ROUGE-2 Average_F: 0.08170 (95%-conf.int. 0.08170 - 0.08170)
---------------------------------------------
1 ROUGE-3 Average_R: 0.01519 (95%-conf.int. 0.01519 - 0.01519)
1 ROUGE-3 Average_P: 0.03750 (95%-conf.int. 0.03750 - 0.03750)
1 ROUGE-3 Average_F: 0.02162 (95%-conf.int. 0.02162 - 0.02162)
---------------------------------------------
1 ROUGE-4 Average_R: 0.00000 (95%-conf.int. 0.00000 - 0.00000)
1 ROUGE-4 Average_P: 0.00000 (95%-conf.int. 0.00000 - 0.00000)
1 ROUGE-4 Average_F: 0.00000 (95%-conf.int. 0.00000 - 0.00000)
---------------------------------------------
1 ROUGE-L Average_R: 0.16667 (95%-conf.int. 0.16667 - 0.16667)
1 ROUGE-L Average_P: 0.40476 (95%-conf.int. 0.40476 - 0.40476)
1 ROUGE-L Average_F: 0.23611 (95%-conf.int. 0.23611 - 0.23611)
---------------------------------------------
1 ROUGE-W-1.2 Average_R: 0.06247 (95%-conf.int. 0.06247 - 0.06247)
1 ROUGE-W-1.2 Average_P: 0.26408 (95%-conf.int. 0.26408 - 0.26408)
1 ROUGE-W-1.2 Average_F: 0.10104 (95%-conf.int. 0.10104 - 0.10104)

8 D0847H-A
---------------------------------------------
1 ROUGE-1 Average_R: 0.20779 (95%-conf.int. 0.20779 - 0.20779)
1 ROUGE-1 Average_P: 0.35088 (95%-conf.int. 0.35088 - 0.35088)
1 ROUGE-1 Average_F: 0.26101 (95%-conf.int. 0.26101 - 0.26101)
---------------------------------------------
1 ROUGE-2 Average_R: 0.03675 (95%-conf.int. 0.03675 - 0.03675)
1 ROUGE-2 Average_P: 0.06250 (95%-conf.int. 0.06250 - 0.06250)
1 ROUGE-2 Average_F: 0.04628 (95%-conf.int. 0.04628 - 0.04628)
---------------------------------------------
1 ROUGE-3 Average_R: 0.00265 (95%-conf.int. 0.00265 - 0.00265)
1 ROUGE-3 Average_P: 0.00455 (95%-conf.int. 0.00455 - 0.00455)
1 ROUGE-3 Average_F: 0.00335 (95%-conf.int. 0.00335 - 0.00335)
---------------------------------------------
1 ROUGE-4 Average_R: 0.00000 (95%-conf.int. 0.00000 - 0.00000)
1 ROUGE-4 Average_P: 0.00000 (95%-conf.int. 0.00000 - 0.00000)
1 ROUGE-4 Average_F: 0.00000 (95%-conf.int. 0.00000 - 0.00000)
---------------------------------------------
1 ROUGE-L Average_R: 0.16877 (95%-conf.int. 0.16877 - 0.16877)
1 ROUGE-L Average_P: 0.29386 (95%-conf.int. 0.29386 - 0.29386)
1 ROUGE-L Average_F: 0.21440 (95%-conf.int. 0.21440 - 0.21440)
---------------------------------------------
1 ROUGE-W-1.2 Average_R: 0.06137 (95%-conf.int. 0.06137 - 0.06137)
1 ROUGE-W-1.2 Average_P: 0.19489 (95%-conf.int. 0.19489 - 0.19489)
1 ROUGE-W-1.2 Average_F: 0.09335 (95%-conf.int. 0.09335 - 0.09335)

9 D0846H-A
---------------------------------------------
1 ROUGE-1 Average_R: 0.33838 (95%-conf.int. 0.33838 - 0.33838)
1 ROUGE-1 Average_P: 0.29646 (95%-conf.int. 0.29646 - 0.29646)
1 ROUGE-1 Average_F: 0.31604 (95%-conf.int. 0.31604 - 0.31604)
---------------------------------------------
1 ROUGE-2 Average_R: 0.10204 (95%-conf.int. 0.10204 - 0.10204)
1 ROUGE-2 Average_P: 0.08929 (95%-conf.int. 0.08929 - 0.08929)
1 ROUGE-2 Average_F: 0.09524 (95%-conf.int. 0.09524 - 0.09524)
---------------------------------------------
1 ROUGE-3 Average_R: 0.03608 (95%-conf.int. 0.03608 - 0.03608)
1 ROUGE-3 Average_P: 0.03153 (95%-conf.int. 0.03153 - 0.03153)
1 ROUGE-3 Average_F: 0.03365 (95%-conf.int. 0.03365 - 0.03365)
---------------------------------------------
1 ROUGE-4 Average_R: 0.01302 (95%-conf.int. 0.01302 - 0.01302)
1 ROUGE-4 Average_P: 0.01136 (95%-conf.int. 0.01136 - 0.01136)
1 ROUGE-4 Average_F: 0.01213 (95%-conf.int. 0.01213 - 0.01213)
---------------------------------------------
1 ROUGE-L Average_R: 0.31061 (95%-conf.int. 0.31061 - 0.31061)
1 ROUGE-L Average_P: 0.27212 (95%-conf.int. 0.27212 - 0.27212)
1 ROUGE-L Average_F: 0.29009 (95%-conf.int. 0.29009 - 0.29009)
---------------------------------------------
1 ROUGE-W-1.2 Average_R: 0.11316 (95%-conf.int. 0.11316 - 0.11316)
1 ROUGE-W-1.2 Average_P: 0.17080 (95%-conf.int. 0.17080 - 0.17080)
1 ROUGE-W-1.2 Average_F: 0.13613 (95%-conf.int. 0.13613 - 0.13613)

10 D0802A-A
---------------------------------------------
1 ROUGE-1 Average_R: 0.13776 (95%-conf.int. 0.13776 - 0.13776)
1 ROUGE-1 Average_P: 0.30682 (95%-conf.int. 0.30682 - 0.30682)
1 ROUGE-1 Average_F: 0.19015 (95%-conf.int. 0.19015 - 0.19015)
---------------------------------------------
1 ROUGE-2 Average_R: 0.01546 (95%-conf.int. 0.01546 - 0.01546)
1 ROUGE-2 Average_P: 0.03488 (95%-conf.int. 0.03488 - 0.03488)
1 ROUGE-2 Average_F: 0.02142 (95%-conf.int. 0.02142 - 0.02142)
---------------------------------------------
1 ROUGE-3 Average_R: 0.00000 (95%-conf.int. 0.00000 - 0.00000)
1 ROUGE-3 Average_P: 0.00000 (95%-conf.int. 0.00000 - 0.00000)
1 ROUGE-3 Average_F: 0.00000 (95%-conf.int. 0.00000 - 0.00000)
---------------------------------------------
1 ROUGE-4 Average_R: 0.00000 (95%-conf.int. 0.00000 - 0.00000)
1 ROUGE-4 Average_P: 0.00000 (95%-conf.int. 0.00000 - 0.00000)
1 ROUGE-4 Average_F: 0.00000 (95%-conf.int. 0.00000 - 0.00000)
---------------------------------------------
1 ROUGE-L Average_R: 0.12500 (95%-conf.int. 0.12500 - 0.12500)
1 ROUGE-L Average_P: 0.27841 (95%-conf.int. 0.27841 - 0.27841)
1 ROUGE-L Average_F: 0.17254 (95%-conf.int. 0.17254 - 0.17254)
---------------------------------------------
1 ROUGE-W-1.2 Average_R: 0.04685 (95%-conf.int. 0.04685 - 0.04685)
1 ROUGE-W-1.2 Average_P: 0.18626 (95%-conf.int. 0.18626 - 0.18626)
1 ROUGE-W-1.2 Average_F: 0.07487 (95%-conf.int. 0.07487 - 0.07487)

11 D0817D-A
---------------------------------------------
1 ROUGE-1 Average_R: 0.32143 (95%-conf.int. 0.32143 - 0.32143)
1 ROUGE-1 Average_P: 0.48462 (95%-conf.int. 0.48462 - 0.48462)
1 ROUGE-1 Average_F: 0.38651 (95%-conf.int. 0.38651 - 0.38651)
---------------------------------------------
1 ROUGE-2 Average_R: 0.11082 (95%-conf.int. 0.11082 - 0.11082)
1 ROUGE-2 Average_P: 0.16797 (95%-conf.int. 0.16797 - 0.16797)
1 ROUGE-2 Average_F: 0.13354 (95%-conf.int. 0.13354 - 0.13354)
---------------------------------------------
1 ROUGE-3 Average_R: 0.03646 (95%-conf.int. 0.03646 - 0.03646)
1 ROUGE-3 Average_P: 0.05556 (95%-conf.int. 0.05556 - 0.05556)
1 ROUGE-3 Average_F: 0.04403 (95%-conf.int. 0.04403 - 0.04403)
---------------------------------------------
1 ROUGE-4 Average_R: 0.01053 (95%-conf.int. 0.01053 - 0.01053)
1 ROUGE-4 Average_P: 0.01613 (95%-conf.int. 0.01613 - 0.01613)
1 ROUGE-4 Average_F: 0.01274 (95%-conf.int. 0.01274 - 0.01274)
---------------------------------------------
1 ROUGE-L Average_R: 0.27820 (95%-conf.int. 0.27820 - 0.27820)
1 ROUGE-L Average_P: 0.42692 (95%-conf.int. 0.42692 - 0.42692)
1 ROUGE-L Average_F: 0.33688 (95%-conf.int. 0.33688 - 0.33688)
---------------------------------------------
1 ROUGE-W-1.2 Average_R: 0.10013 (95%-conf.int. 0.10013 - 0.10013)
1 ROUGE-W-1.2 Average_P: 0.28466 (95%-conf.int. 0.28466 - 0.28466)
1 ROUGE-W-1.2 Average_F: 0.14815 (95%-conf.int. 0.14815 - 0.14815)

12 D0809B-A
---------------------------------------------
1 ROUGE-1 Average_R: 0.35572 (95%-conf.int. 0.35572 - 0.35572)
1 ROUGE-1 Average_P: 0.50352 (95%-conf.int. 0.50352 - 0.50352)
1 ROUGE-1 Average_F: 0.41691 (95%-conf.int. 0.41691 - 0.41691)
---------------------------------------------
1 ROUGE-2 Average_R: 0.11809 (95%-conf.int. 0.11809 - 0.11809)
1 ROUGE-2 Average_P: 0.16786 (95%-conf.int. 0.16786 - 0.16786)
1 ROUGE-2 Average_F: 0.13864 (95%-conf.int. 0.13864 - 0.13864)
---------------------------------------------
1 ROUGE-3 Average_R: 0.04315 (95%-conf.int. 0.04315 - 0.04315)
1 ROUGE-3 Average_P: 0.06159 (95%-conf.int. 0.06159 - 0.06159)
1 ROUGE-3 Average_F: 0.05075 (95%-conf.int. 0.05075 - 0.05075)
---------------------------------------------
1 ROUGE-4 Average_R: 0.02051 (95%-conf.int. 0.02051 - 0.02051)
1 ROUGE-4 Average_P: 0.02941 (95%-conf.int. 0.02941 - 0.02941)
1 ROUGE-4 Average_F: 0.02417 (95%-conf.int. 0.02417 - 0.02417)
---------------------------------------------
1 ROUGE-L Average_R: 0.30348 (95%-conf.int. 0.30348 - 0.30348)
1 ROUGE-L Average_P: 0.42958 (95%-conf.int. 0.42958 - 0.42958)
1 ROUGE-L Average_F: 0.35568 (95%-conf.int. 0.35568 - 0.35568)
---------------------------------------------
1 ROUGE-W-1.2 Average_R: 0.10919 (95%-conf.int. 0.10919 - 0.10919)
1 ROUGE-W-1.2 Average_P: 0.27809 (95%-conf.int. 0.27809 - 0.27809)
1 ROUGE-W-1.2 Average_F: 0.15681 (95%-conf.int. 0.15681 - 0.15681)

13 D0823D-A
---------------------------------------------
1 ROUGE-1 Average_R: 0.30227 (95%-conf.int. 0.30227 - 0.30227)
1 ROUGE-1 Average_P: 0.37975 (95%-conf.int. 0.37975 - 0.37975)
1 ROUGE-1 Average_F: 0.33661 (95%-conf.int. 0.33661 - 0.33661)
---------------------------------------------
1 ROUGE-2 Average_R: 0.05089 (95%-conf.int. 0.05089 - 0.05089)
1 ROUGE-2 Average_P: 0.06410 (95%-conf.int. 0.06410 - 0.06410)
1 ROUGE-2 Average_F: 0.05674 (95%-conf.int. 0.05674 - 0.05674)
---------------------------------------------
1 ROUGE-3 Average_R: 0.00257 (95%-conf.int. 0.00257 - 0.00257)
1 ROUGE-3 Average_P: 0.00325 (95%-conf.int. 0.00325 - 0.00325)
1 ROUGE-3 Average_F: 0.00287 (95%-conf.int. 0.00287 - 0.00287)
---------------------------------------------
1 ROUGE-4 Average_R: 0.00000 (95%-conf.int. 0.00000 - 0.00000)
1 ROUGE-4 Average_P: 0.00000 (95%-conf.int. 0.00000 - 0.00000)
1 ROUGE-4 Average_F: 0.00000 (95%-conf.int. 0.00000 - 0.00000)
---------------------------------------------
1 ROUGE-L Average_R: 0.25728 (95%-conf.int. 0.25728 - 0.25728)
1 ROUGE-L Average_P: 0.33544 (95%-conf.int. 0.33544 - 0.33544)
1 ROUGE-L Average_F: 0.29121 (95%-conf.int. 0.29121 - 0.29121)
---------------------------------------------
1 ROUGE-W-1.2 Average_R: 0.09053 (95%-conf.int. 0.09053 - 0.09053)
1 ROUGE-W-1.2 Average_P: 0.20647 (95%-conf.int. 0.20647 - 0.20647)
1 ROUGE-W-1.2 Average_F: 0.12587 (95%-conf.int. 0.12587 - 0.12587)

14 D0840G-A
---------------------------------------------
1 ROUGE-1 Average_R: 0.25401 (95%-conf.int. 0.25401 - 0.25401)
1 ROUGE-1 Average_P: 0.22196 (95%-conf.int. 0.22196 - 0.22196)
1 ROUGE-1 Average_F: 0.23691 (95%-conf.int. 0.23691 - 0.23691)
---------------------------------------------
1 ROUGE-2 Average_R: 0.01351 (95%-conf.int. 0.01351 - 0.01351)
1 ROUGE-2 Average_P: 0.01179 (95%-conf.int. 0.01179 - 0.01179)
1 ROUGE-2 Average_F: 0.01259 (95%-conf.int. 0.01259 - 0.01259)
---------------------------------------------
1 ROUGE-3 Average_R: 0.00000 (95%-conf.int. 0.00000 - 0.00000)
1 ROUGE-3 Average_P: 0.00000 (95%-conf.int. 0.00000 - 0.00000)
1 ROUGE-3 Average_F: 0.00000 (95%-conf.int. 0.00000 - 0.00000)
---------------------------------------------
1 ROUGE-4 Average_R: 0.00000 (95%-conf.int. 0.00000 - 0.00000)
1 ROUGE-4 Average_P: 0.00000 (95%-conf.int. 0.00000 - 0.00000)
1 ROUGE-4 Average_F: 0.00000 (95%-conf.int. 0.00000 - 0.00000)
---------------------------------------------
1 ROUGE-L Average_R: 0.19084 (95%-conf.int. 0.19084 - 0.19084)
1 ROUGE-L Average_P: 0.17523 (95%-conf.int. 0.17523 - 0.17523)
1 ROUGE-L Average_F: 0.18270 (95%-conf.int. 0.18270 - 0.18270)
---------------------------------------------
1 ROUGE-W-1.2 Average_R: 0.06603 (95%-conf.int. 0.06603 - 0.06603)
1 ROUGE-W-1.2 Average_P: 0.11145 (95%-conf.int. 0.11145 - 0.11145)
1 ROUGE-W-1.2 Average_F: 0.08293 (95%-conf.int. 0.08293 - 0.08293)

15 D0814C-A
---------------------------------------------
1 ROUGE-1 Average_R: 0.36667 (95%-conf.int. 0.36667 - 0.36667)
1 ROUGE-1 Average_P: 0.45833 (95%-conf.int. 0.45833 - 0.45833)
1 ROUGE-1 Average_F: 0.40741 (95%-conf.int. 0.40741 - 0.40741)
---------------------------------------------
1 ROUGE-2 Average_R: 0.07772 (95%-conf.int. 0.07772 - 0.07772)
1 ROUGE-2 Average_P: 0.09740 (95%-conf.int. 0.09740 - 0.09740)
1 ROUGE-2 Average_F: 0.08645 (95%-conf.int. 0.08645 - 0.08645)
---------------------------------------------
1 ROUGE-3 Average_R: 0.02356 (95%-conf.int. 0.02356 - 0.02356)
1 ROUGE-3 Average_P: 0.02961 (95%-conf.int. 0.02961 - 0.02961)
1 ROUGE-3 Average_F: 0.02624 (95%-conf.int. 0.02624 - 0.02624)
---------------------------------------------
1 ROUGE-4 Average_R: 0.00529 (95%-conf.int. 0.00529 - 0.00529)
1 ROUGE-4 Average_P: 0.00667 (95%-conf.int. 0.00667 - 0.00667)
1 ROUGE-4 Average_F: 0.00590 (95%-conf.int. 0.00590 - 0.00590)
---------------------------------------------
1 ROUGE-L Average_R: 0.32564 (95%-conf.int. 0.32564 - 0.32564)
1 ROUGE-L Average_P: 0.40705 (95%-conf.int. 0.40705 - 0.40705)
1 ROUGE-L Average_F: 0.36182 (95%-conf.int. 0.36182 - 0.36182)
---------------------------------------------
1 ROUGE-W-1.2 Average_R: 0.11145 (95%-conf.int. 0.11145 - 0.11145)
1 ROUGE-W-1.2 Average_P: 0.25252 (95%-conf.int. 0.25252 - 0.25252)
1 ROUGE-W-1.2 Average_F: 0.15465 (95%-conf.int. 0.15465 - 0.15465)

16 D0825E-A
---------------------------------------------
1 ROUGE-1 Average_R: 0.15263 (95%-conf.int. 0.15263 - 0.15263)
1 ROUGE-1 Average_P: 0.27885 (95%-conf.int. 0.27885 - 0.27885)
1 ROUGE-1 Average_F: 0.19728 (95%-conf.int. 0.19728 - 0.19728)
---------------------------------------------
1 ROUGE-2 Average_R: 0.02926 (95%-conf.int. 0.02926 - 0.02926)
1 ROUGE-2 Average_P: 0.05392 (95%-conf.int. 0.05392 - 0.05392)
1 ROUGE-2 Average_F: 0.03793 (95%-conf.int. 0.03793 - 0.03793)
---------------------------------------------
1 ROUGE-3 Average_R: 0.00000 (95%-conf.int. 0.00000 - 0.00000)
1 ROUGE-3 Average_P: 0.00000 (95%-conf.int. 0.00000 - 0.00000)
1 ROUGE-3 Average_F: 0.00000 (95%-conf.int. 0.00000 - 0.00000)
---------------------------------------------
1 ROUGE-4 Average_R: 0.00000 (95%-conf.int. 0.00000 - 0.00000)
1 ROUGE-4 Average_P: 0.00000 (95%-conf.int. 0.00000 - 0.00000)
1 ROUGE-4 Average_F: 0.00000 (95%-conf.int. 0.00000 - 0.00000)
---------------------------------------------
1 ROUGE-L Average_R: 0.13351 (95%-conf.int. 0.13351 - 0.13351)
1 ROUGE-L Average_P: 0.24519 (95%-conf.int. 0.24519 - 0.24519)
1 ROUGE-L Average_F: 0.17288 (95%-conf.int. 0.17288 - 0.17288)
---------------------------------------------
1 ROUGE-W-1.2 Average_R: 0.05122 (95%-conf.int. 0.05122 - 0.05122)
1 ROUGE-W-1.2 Average_P: 0.16672 (95%-conf.int. 0.16672 - 0.16672)
1 ROUGE-W-1.2 Average_F: 0.07836 (95%-conf.int. 0.07836 - 0.07836)

17 D0834F-A
---------------------------------------------
1 ROUGE-1 Average_R: 0.36436 (95%-conf.int. 0.36436 - 0.36436)
1 ROUGE-1 Average_P: 0.76111 (95%-conf.int. 0.76111 - 0.76111)
1 ROUGE-1 Average_F: 0.49280 (95%-conf.int. 0.49280 - 0.49280)
---------------------------------------------
1 ROUGE-2 Average_R: 0.23387 (95%-conf.int. 0.23387 - 0.23387)
1 ROUGE-2 Average_P: 0.49432 (95%-conf.int. 0.49432 - 0.49432)
1 ROUGE-2 Average_F: 0.31752 (95%-conf.int. 0.31752 - 0.31752)
---------------------------------------------
1 ROUGE-3 Average_R: 0.18750 (95%-conf.int. 0.18750 - 0.18750)
1 ROUGE-3 Average_P: 0.40116 (95%-conf.int. 0.40116 - 0.40116)
1 ROUGE-3 Average_F: 0.25555 (95%-conf.int. 0.25555 - 0.25555)
---------------------------------------------
1 ROUGE-4 Average_R: 0.15385 (95%-conf.int. 0.15385 - 0.15385)
1 ROUGE-4 Average_P: 0.33333 (95%-conf.int. 0.33333 - 0.33333)
1 ROUGE-4 Average_F: 0.21053 (95%-conf.int. 0.21053 - 0.21053)
---------------------------------------------
1 ROUGE-L Average_R: 0.31915 (95%-conf.int. 0.31915 - 0.31915)
1 ROUGE-L Average_P: 0.66667 (95%-conf.int. 0.66667 - 0.66667)
1 ROUGE-L Average_F: 0.43166 (95%-conf.int. 0.43166 - 0.43166)
---------------------------------------------
1 ROUGE-W-1.2 Average_R: 0.13963 (95%-conf.int. 0.13963 - 0.13963)
1 ROUGE-W-1.2 Average_P: 0.57452 (95%-conf.int. 0.57452 - 0.57452)
1 ROUGE-W-1.2 Average_F: 0.22466 (95%-conf.int. 0.22466 - 0.22466)

18 D0805A-A
---------------------------------------------
1 ROUGE-1 Average_R: 0.19647 (95%-conf.int. 0.19647 - 0.19647)
1 ROUGE-1 Average_P: 0.39000 (95%-conf.int. 0.39000 - 0.39000)
1 ROUGE-1 Average_F: 0.26130 (95%-conf.int. 0.26130 - 0.26130)
---------------------------------------------
1 ROUGE-2 Average_R: 0.03053 (95%-conf.int. 0.03053 - 0.03053)
1 ROUGE-2 Average_P: 0.06122 (95%-conf.int. 0.06122 - 0.06122)
1 ROUGE-2 Average_F: 0.04074 (95%-conf.int. 0.04074 - 0.04074)
---------------------------------------------
1 ROUGE-3 Average_R: 0.01028 (95%-conf.int. 0.01028 - 0.01028)
1 ROUGE-3 Average_P: 0.02083 (95%-conf.int. 0.02083 - 0.02083)
1 ROUGE-3 Average_F: 0.01377 (95%-conf.int. 0.01377 - 0.01377)
---------------------------------------------
1 ROUGE-4 Average_R: 0.00000 (95%-conf.int. 0.00000 - 0.00000)
1 ROUGE-4 Average_P: 0.00000 (95%-conf.int. 0.00000 - 0.00000)
1 ROUGE-4 Average_F: 0.00000 (95%-conf.int. 0.00000 - 0.00000)
---------------------------------------------
1 ROUGE-L Average_R: 0.17128 (95%-conf.int. 0.17128 - 0.17128)
1 ROUGE-L Average_P: 0.34000 (95%-conf.int. 0.34000 - 0.34000)
1 ROUGE-L Average_F: 0.22780 (95%-conf.int. 0.22780 - 0.22780)
---------------------------------------------
1 ROUGE-W-1.2 Average_R: 0.06396 (95%-conf.int. 0.06396 - 0.06396)
1 ROUGE-W-1.2 Average_P: 0.23091 (95%-conf.int. 0.23091 - 0.23091)
1 ROUGE-W-1.2 Average_F: 0.10017 (95%-conf.int. 0.10017 - 0.10017)

19 D0806A-A
---------------------------------------------
1 ROUGE-1 Average_R: 0.38832 (95%-conf.int. 0.38832 - 0.38832)
1 ROUGE-1 Average_P: 0.45536 (95%-conf.int. 0.45536 - 0.45536)
1 ROUGE-1 Average_F: 0.41918 (95%-conf.int. 0.41918 - 0.41918)
---------------------------------------------
1 ROUGE-2 Average_R: 0.09487 (95%-conf.int. 0.09487 - 0.09487)
1 ROUGE-2 Average_P: 0.11145 (95%-conf.int. 0.11145 - 0.11145)
1 ROUGE-2 Average_F: 0.10249 (95%-conf.int. 0.10249 - 0.10249)
---------------------------------------------
1 ROUGE-3 Average_R: 0.03109 (95%-conf.int. 0.03109 - 0.03109)
1 ROUGE-3 Average_P: 0.03659 (95%-conf.int. 0.03659 - 0.03659)
1 ROUGE-3 Average_F: 0.03362 (95%-conf.int. 0.03362 - 0.03362)
---------------------------------------------
1 ROUGE-4 Average_R: 0.00785 (95%-conf.int. 0.00785 - 0.00785)
1 ROUGE-4 Average_P: 0.00926 (95%-conf.int. 0.00926 - 0.00926)
1 ROUGE-4 Average_F: 0.00850 (95%-conf.int. 0.00850 - 0.00850)
---------------------------------------------
1 ROUGE-L Average_R: 0.31726 (95%-conf.int. 0.31726 - 0.31726)
1 ROUGE-L Average_P: 0.37202 (95%-conf.int. 0.37202 - 0.37202)
1 ROUGE-L Average_F: 0.34246 (95%-conf.int. 0.34246 - 0.34246)
---------------------------------------------
1 ROUGE-W-1.2 Average_R: 0.11515 (95%-conf.int. 0.11515 - 0.11515)
1 ROUGE-W-1.2 Average_P: 0.24280 (95%-conf.int. 0.24280 - 0.24280)
1 ROUGE-W-1.2 Average_F: 0.15621 (95%-conf.int. 0.15621 - 0.15621)

20 D0820D-A
---------------------------------------------
1 ROUGE-1 Average_R: 0.25505 (95%-conf.int. 0.25505 - 0.25505)
1 ROUGE-1 Average_P: 0.41393 (95%-conf.int. 0.41393 - 0.41393)
1 ROUGE-1 Average_F: 0.31562 (95%-conf.int. 0.31562 - 0.31562)
---------------------------------------------
1 ROUGE-2 Average_R: 0.04847 (95%-conf.int. 0.04847 - 0.04847)
1 ROUGE-2 Average_P: 0.07917 (95%-conf.int. 0.07917 - 0.07917)
1 ROUGE-2 Average_F: 0.06013 (95%-conf.int. 0.06013 - 0.06013)
---------------------------------------------
1 ROUGE-3 Average_R: 0.01031 (95%-conf.int. 0.01031 - 0.01031)
1 ROUGE-3 Average_P: 0.01695 (95%-conf.int. 0.01695 - 0.01695)
1 ROUGE-3 Average_F: 0.01282 (95%-conf.int. 0.01282 - 0.01282)
---------------------------------------------
1 ROUGE-4 Average_R: 0.00260 (95%-conf.int. 0.00260 - 0.00260)
1 ROUGE-4 Average_P: 0.00431 (95%-conf.int. 0.00431 - 0.00431)
1 ROUGE-4 Average_F: 0.00324 (95%-conf.int. 0.00324 - 0.00324)
---------------------------------------------
1 ROUGE-L Average_R: 0.22727 (95%-conf.int. 0.22727 - 0.22727)
1 ROUGE-L Average_P: 0.36885 (95%-conf.int. 0.36885 - 0.36885)
1 ROUGE-L Average_F: 0.28125 (95%-conf.int. 0.28125 - 0.28125)
---------------------------------------------
1 ROUGE-W-1.2 Average_R: 0.07920 (95%-conf.int. 0.07920 - 0.07920)
1 ROUGE-W-1.2 Average_P: 0.22907 (95%-conf.int. 0.22907 - 0.22907)
1 ROUGE-W-1.2 Average_F: 0.11770 (95%-conf.int. 0.11770 - 0.11770)

21 D0811B-A
---------------------------------------------
1 ROUGE-1 Average_R: 0.27387 (95%-conf.int. 0.27387 - 0.27387)
1 ROUGE-1 Average_P: 0.41288 (95%-conf.int. 0.41288 - 0.41288)
1 ROUGE-1 Average_F: 0.32931 (95%-conf.int. 0.32931 - 0.32931)
---------------------------------------------
1 ROUGE-2 Average_R: 0.08122 (95%-conf.int. 0.08122 - 0.08122)
1 ROUGE-2 Average_P: 0.12308 (95%-conf.int. 0.12308 - 0.12308)
1 ROUGE-2 Average_F: 0.09786 (95%-conf.int. 0.09786 - 0.09786)
---------------------------------------------
1 ROUGE-3 Average_R: 0.02564 (95%-conf.int. 0.02564 - 0.02564)
1 ROUGE-3 Average_P: 0.03906 (95%-conf.int. 0.03906 - 0.03906)
1 ROUGE-3 Average_F: 0.03096 (95%-conf.int. 0.03096 - 0.03096)
---------------------------------------------
1 ROUGE-4 Average_R: 0.00518 (95%-conf.int. 0.00518 - 0.00518)
1 ROUGE-4 Average_P: 0.00794 (95%-conf.int. 0.00794 - 0.00794)
1 ROUGE-4 Average_F: 0.00627 (95%-conf.int. 0.00627 - 0.00627)
---------------------------------------------
1 ROUGE-L Average_R: 0.24623 (95%-conf.int. 0.24623 - 0.24623)
1 ROUGE-L Average_P: 0.37121 (95%-conf.int. 0.37121 - 0.37121)
1 ROUGE-L Average_F: 0.29607 (95%-conf.int. 0.29607 - 0.29607)
---------------------------------------------
1 ROUGE-W-1.2 Average_R: 0.08962 (95%-conf.int. 0.08962 - 0.08962)
1 ROUGE-W-1.2 Average_P: 0.24291 (95%-conf.int. 0.24291 - 0.24291)
1 ROUGE-W-1.2 Average_F: 0.13093 (95%-conf.int. 0.13093 - 0.13093)

22 D0819D-A
---------------------------------------------
1 ROUGE-1 Average_R: 0.27628 (95%-conf.int. 0.27628 - 0.27628)
1 ROUGE-1 Average_P: 0.42803 (95%-conf.int. 0.42803 - 0.42803)
1 ROUGE-1 Average_F: 0.33581 (95%-conf.int. 0.33581 - 0.33581)
---------------------------------------------
1 ROUGE-2 Average_R: 0.05926 (95%-conf.int. 0.05926 - 0.05926)
1 ROUGE-2 Average_P: 0.09231 (95%-conf.int. 0.09231 - 0.09231)
1 ROUGE-2 Average_F: 0.07218 (95%-conf.int. 0.07218 - 0.07218)
---------------------------------------------
1 ROUGE-3 Average_R: 0.00998 (95%-conf.int. 0.00998 - 0.00998)
1 ROUGE-3 Average_P: 0.01562 (95%-conf.int. 0.01562 - 0.01562)
1 ROUGE-3 Average_F: 0.01218 (95%-conf.int. 0.01218 - 0.01218)
---------------------------------------------
1 ROUGE-4 Average_R: 0.00504 (95%-conf.int. 0.00504 - 0.00504)
1 ROUGE-4 Average_P: 0.00794 (95%-conf.int. 0.00794 - 0.00794)
1 ROUGE-4 Average_F: 0.00617 (95%-conf.int. 0.00617 - 0.00617)
---------------------------------------------
1 ROUGE-L Average_R: 0.24146 (95%-conf.int. 0.24146 - 0.24146)
1 ROUGE-L Average_P: 0.37500 (95%-conf.int. 0.37500 - 0.37500)
1 ROUGE-L Average_F: 0.29377 (95%-conf.int. 0.29377 - 0.29377)
---------------------------------------------
1 ROUGE-W-1.2 Average_R: 0.08972 (95%-conf.int. 0.08972 - 0.08972)
1 ROUGE-W-1.2 Average_P: 0.24464 (95%-conf.int. 0.24464 - 0.24464)
1 ROUGE-W-1.2 Average_F: 0.13129 (95%-conf.int. 0.13129 - 0.13129)

23 D0843H-A
---------------------------------------------
1 ROUGE-1 Average_R: 0.29952 (95%-conf.int. 0.29952 - 0.29952)
1 ROUGE-1 Average_P: 0.43662 (95%-conf.int. 0.43662 - 0.43662)
1 ROUGE-1 Average_F: 0.35530 (95%-conf.int. 0.35530 - 0.35530)
---------------------------------------------
1 ROUGE-2 Average_R: 0.09512 (95%-conf.int. 0.09512 - 0.09512)
1 ROUGE-2 Average_P: 0.13929 (95%-conf.int. 0.13929 - 0.13929)
1 ROUGE-2 Average_F: 0.11304 (95%-conf.int. 0.11304 - 0.11304)
---------------------------------------------
1 ROUGE-3 Average_R: 0.04187 (95%-conf.int. 0.04187 - 0.04187)
1 ROUGE-3 Average_P: 0.06159 (95%-conf.int. 0.06159 - 0.06159)
1 ROUGE-3 Average_F: 0.04985 (95%-conf.int. 0.04985 - 0.04985)
---------------------------------------------
1 ROUGE-4 Average_R: 0.02736 (95%-conf.int. 0.02736 - 0.02736)
1 ROUGE-4 Average_P: 0.04044 (95%-conf.int. 0.04044 - 0.04044)
1 ROUGE-4 Average_F: 0.03264 (95%-conf.int. 0.03264 - 0.03264)
---------------------------------------------
1 ROUGE-L Average_R: 0.25845 (95%-conf.int. 0.25845 - 0.25845)
1 ROUGE-L Average_P: 0.37676 (95%-conf.int. 0.37676 - 0.37676)
1 ROUGE-L Average_F: 0.30659 (95%-conf.int. 0.30659 - 0.30659)
---------------------------------------------
1 ROUGE-W-1.2 Average_R: 0.09774 (95%-conf.int. 0.09774 - 0.09774)
1 ROUGE-W-1.2 Average_P: 0.25023 (95%-conf.int. 0.25023 - 0.25023)
1 ROUGE-W-1.2 Average_F: 0.14057 (95%-conf.int. 0.14057 - 0.14057)

24 D0841G-A
---------------------------------------------
1 ROUGE-1 Average_R: 0.25568 (95%-conf.int. 0.25568 - 0.25568)
1 ROUGE-1 Average_P: 0.54878 (95%-conf.int. 0.54878 - 0.54878)
1 ROUGE-1 Average_F: 0.34884 (95%-conf.int. 0.34884 - 0.34884)
---------------------------------------------
1 ROUGE-2 Average_R: 0.06897 (95%-conf.int. 0.06897 - 0.06897)
1 ROUGE-2 Average_P: 0.15000 (95%-conf.int. 0.15000 - 0.15000)
1 ROUGE-2 Average_F: 0.09449 (95%-conf.int. 0.09449 - 0.09449)
---------------------------------------------
1 ROUGE-3 Average_R: 0.04070 (95%-conf.int. 0.04070 - 0.04070)
1 ROUGE-3 Average_P: 0.08974 (95%-conf.int. 0.08974 - 0.08974)
1 ROUGE-3 Average_F: 0.05600 (95%-conf.int. 0.05600 - 0.05600)
---------------------------------------------
1 ROUGE-4 Average_R: 0.02353 (95%-conf.int. 0.02353 - 0.02353)
1 ROUGE-4 Average_P: 0.05263 (95%-conf.int. 0.05263 - 0.05263)
1 ROUGE-4 Average_F: 0.03252 (95%-conf.int. 0.03252 - 0.03252)
---------------------------------------------
1 ROUGE-L Average_R: 0.21154 (95%-conf.int. 0.21154 - 0.21154)
1 ROUGE-L Average_P: 0.46951 (95%-conf.int. 0.46951 - 0.46951)
1 ROUGE-L Average_F: 0.29167 (95%-conf.int. 0.29167 - 0.29167)
---------------------------------------------
1 ROUGE-W-1.2 Average_R: 0.07636 (95%-conf.int. 0.07636 - 0.07636)
1 ROUGE-W-1.2 Average_P: 0.29412 (95%-conf.int. 0.29412 - 0.29412)
1 ROUGE-W-1.2 Average_F: 0.12124 (95%-conf.int. 0.12124 - 0.12124)

25 D0826E-A
---------------------------------------------
1 ROUGE-1 Average_R: 0.24607 (95%-conf.int. 0.24607 - 0.24607)
1 ROUGE-1 Average_P: 0.26404 (95%-conf.int. 0.26404 - 0.26404)
1 ROUGE-1 Average_F: 0.25474 (95%-conf.int. 0.25474 - 0.25474)
---------------------------------------------
1 ROUGE-2 Average_R: 0.01852 (95%-conf.int. 0.01852 - 0.01852)
1 ROUGE-2 Average_P: 0.01989 (95%-conf.int. 0.01989 - 0.01989)
1 ROUGE-2 Average_F: 0.01918 (95%-conf.int. 0.01918 - 0.01918)
---------------------------------------------
1 ROUGE-3 Average_R: 0.00000 (95%-conf.int. 0.00000 - 0.00000)
1 ROUGE-3 Average_P: 0.00000 (95%-conf.int. 0.00000 - 0.00000)
1 ROUGE-3 Average_F: 0.00000 (95%-conf.int. 0.00000 - 0.00000)
---------------------------------------------
1 ROUGE-4 Average_R: 0.00000 (95%-conf.int. 0.00000 - 0.00000)
1 ROUGE-4 Average_P: 0.00000 (95%-conf.int. 0.00000 - 0.00000)
1 ROUGE-4 Average_F: 0.00000 (95%-conf.int. 0.00000 - 0.00000)
---------------------------------------------
1 ROUGE-L Average_R: 0.20466 (95%-conf.int. 0.20466 - 0.20466)
1 ROUGE-L Average_P: 0.22191 (95%-conf.int. 0.22191 - 0.22191)
1 ROUGE-L Average_F: 0.21294 (95%-conf.int. 0.21294 - 0.21294)
---------------------------------------------
1 ROUGE-W-1.2 Average_R: 0.06904 (95%-conf.int. 0.06904 - 0.06904)
1 ROUGE-W-1.2 Average_P: 0.14165 (95%-conf.int. 0.14165 - 0.14165)
1 ROUGE-W-1.2 Average_F: 0.09283 (95%-conf.int. 0.09283 - 0.09283)

26 D0836G-A
---------------------------------------------
1 ROUGE-1 Average_R: 0.14550 (95%-conf.int. 0.14550 - 0.14550)
1 ROUGE-1 Average_P: 0.26961 (95%-conf.int. 0.26961 - 0.26961)
1 ROUGE-1 Average_F: 0.18900 (95%-conf.int. 0.18900 - 0.18900)
---------------------------------------------
1 ROUGE-2 Average_R: 0.01872 (95%-conf.int. 0.01872 - 0.01872)
1 ROUGE-2 Average_P: 0.03500 (95%-conf.int. 0.03500 - 0.03500)
1 ROUGE-2 Average_F: 0.02439 (95%-conf.int. 0.02439 - 0.02439)
---------------------------------------------
1 ROUGE-3 Average_R: 0.00270 (95%-conf.int. 0.00270 - 0.00270)
1 ROUGE-3 Average_P: 0.00510 (95%-conf.int. 0.00510 - 0.00510)
1 ROUGE-3 Average_F: 0.00353 (95%-conf.int. 0.00353 - 0.00353)
---------------------------------------------
1 ROUGE-4 Average_R: 0.00000 (95%-conf.int. 0.00000 - 0.00000)
1 ROUGE-4 Average_P: 0.00000 (95%-conf.int. 0.00000 - 0.00000)
1 ROUGE-4 Average_F: 0.00000 (95%-conf.int. 0.00000 - 0.00000)
---------------------------------------------
1 ROUGE-L Average_R: 0.13123 (95%-conf.int. 0.13123 - 0.13123)
1 ROUGE-L Average_P: 0.24510 (95%-conf.int. 0.24510 - 0.24510)
1 ROUGE-L Average_F: 0.17094 (95%-conf.int. 0.17094 - 0.17094)
---------------------------------------------
1 ROUGE-W-1.2 Average_R: 0.05147 (95%-conf.int. 0.05147 - 0.05147)
1 ROUGE-W-1.2 Average_P: 0.16654 (95%-conf.int. 0.16654 - 0.16654)
1 ROUGE-W-1.2 Average_F: 0.07864 (95%-conf.int. 0.07864 - 0.07864)

27 D0807A-A
---------------------------------------------
1 ROUGE-1 Average_R: 0.36453 (95%-conf.int. 0.36453 - 0.36453)
1 ROUGE-1 Average_P: 0.36634 (95%-conf.int. 0.36634 - 0.36634)
1 ROUGE-1 Average_F: 0.36543 (95%-conf.int. 0.36543 - 0.36543)
---------------------------------------------
1 ROUGE-2 Average_R: 0.06716 (95%-conf.int. 0.06716 - 0.06716)
1 ROUGE-2 Average_P: 0.06750 (95%-conf.int. 0.06750 - 0.06750)
1 ROUGE-2 Average_F: 0.06733 (95%-conf.int. 0.06733 - 0.06733)
---------------------------------------------
1 ROUGE-3 Average_R: 0.01508 (95%-conf.int. 0.01508 - 0.01508)
1 ROUGE-3 Average_P: 0.01515 (95%-conf.int. 0.01515 - 0.01515)
1 ROUGE-3 Average_F: 0.01511 (95%-conf.int. 0.01511 - 0.01511)
---------------------------------------------
1 ROUGE-4 Average_R: 0.00508 (95%-conf.int. 0.00508 - 0.00508)
1 ROUGE-4 Average_P: 0.00510 (95%-conf.int. 0.00510 - 0.00510)
1 ROUGE-4 Average_F: 0.00509 (95%-conf.int. 0.00509 - 0.00509)
---------------------------------------------
1 ROUGE-L Average_R: 0.27273 (95%-conf.int. 0.27273 - 0.27273)
1 ROUGE-L Average_P: 0.27475 (95%-conf.int. 0.27475 - 0.27475)
1 ROUGE-L Average_F: 0.27374 (95%-conf.int. 0.27374 - 0.27374)
---------------------------------------------
1 ROUGE-W-1.2 Average_R: 0.09049 (95%-conf.int. 0.09049 - 0.09049)
1 ROUGE-W-1.2 Average_P: 0.16857 (95%-conf.int. 0.16857 - 0.16857)
1 ROUGE-W-1.2 Average_F: 0.11776 (95%-conf.int. 0.11776 - 0.11776)

28 D0812B-A
---------------------------------------------
1 ROUGE-1 Average_R: 0.09701 (95%-conf.int. 0.09701 - 0.09701)
1 ROUGE-1 Average_P: 0.23214 (95%-conf.int. 0.23214 - 0.23214)
1 ROUGE-1 Average_F: 0.13684 (95%-conf.int. 0.13684 - 0.13684)
---------------------------------------------
1 ROUGE-2 Average_R: 0.00503 (95%-conf.int. 0.00503 - 0.00503)
1 ROUGE-2 Average_P: 0.01220 (95%-conf.int. 0.01220 - 0.01220)
1 ROUGE-2 Average_F: 0.00712 (95%-conf.int. 0.00712 - 0.00712)
---------------------------------------------
1 ROUGE-3 Average_R: 0.00000 (95%-conf.int. 0.00000 - 0.00000)
1 ROUGE-3 Average_P: 0.00000 (95%-conf.int. 0.00000 - 0.00000)
1 ROUGE-3 Average_F: 0.00000 (95%-conf.int. 0.00000 - 0.00000)
---------------------------------------------
1 ROUGE-4 Average_R: 0.00000 (95%-conf.int. 0.00000 - 0.00000)
1 ROUGE-4 Average_P: 0.00000 (95%-conf.int. 0.00000 - 0.00000)
1 ROUGE-4 Average_F: 0.00000 (95%-conf.int. 0.00000 - 0.00000)
---------------------------------------------
1 ROUGE-L Average_R: 0.08128 (95%-conf.int. 0.08128 - 0.08128)
1 ROUGE-L Average_P: 0.19643 (95%-conf.int. 0.19643 - 0.19643)
1 ROUGE-L Average_F: 0.11498 (95%-conf.int. 0.11498 - 0.11498)
---------------------------------------------
1 ROUGE-W-1.2 Average_R: 0.03340 (95%-conf.int. 0.03340 - 0.03340)
1 ROUGE-W-1.2 Average_P: 0.14129 (95%-conf.int. 0.14129 - 0.14129)
1 ROUGE-W-1.2 Average_F: 0.05403 (95%-conf.int. 0.05403 - 0.05403)

29 D0837G-A
---------------------------------------------
1 ROUGE-1 Average_R: 0.19444 (95%-conf.int. 0.19444 - 0.19444)
1 ROUGE-1 Average_P: 0.39286 (95%-conf.int. 0.39286 - 0.39286)
1 ROUGE-1 Average_F: 0.26013 (95%-conf.int. 0.26013 - 0.26013)
---------------------------------------------
1 ROUGE-2 Average_R: 0.02296 (95%-conf.int. 0.02296 - 0.02296)
1 ROUGE-2 Average_P: 0.04688 (95%-conf.int. 0.04688 - 0.04688)
1 ROUGE-2 Average_F: 0.03082 (95%-conf.int. 0.03082 - 0.03082)
---------------------------------------------
1 ROUGE-3 Average_R: 0.00000 (95%-conf.int. 0.00000 - 0.00000)
1 ROUGE-3 Average_P: 0.00000 (95%-conf.int. 0.00000 - 0.00000)
1 ROUGE-3 Average_F: 0.00000 (95%-conf.int. 0.00000 - 0.00000)
---------------------------------------------
1 ROUGE-4 Average_R: 0.00000 (95%-conf.int. 0.00000 - 0.00000)
1 ROUGE-4 Average_P: 0.00000 (95%-conf.int. 0.00000 - 0.00000)
1 ROUGE-4 Average_F: 0.00000 (95%-conf.int. 0.00000 - 0.00000)
---------------------------------------------
1 ROUGE-L Average_R: 0.16919 (95%-conf.int. 0.16919 - 0.16919)
1 ROUGE-L Average_P: 0.34184 (95%-conf.int. 0.34184 - 0.34184)
1 ROUGE-L Average_F: 0.22635 (95%-conf.int. 0.22635 - 0.22635)
---------------------------------------------
1 ROUGE-W-1.2 Average_R: 0.06098 (95%-conf.int. 0.06098 - 0.06098)
1 ROUGE-W-1.2 Average_P: 0.22431 (95%-conf.int. 0.22431 - 0.22431)
1 ROUGE-W-1.2 Average_F: 0.09589 (95%-conf.int. 0.09589 - 0.09589)

30 D0830F-A
---------------------------------------------
1 ROUGE-1 Average_R: 0.23383 (95%-conf.int. 0.23383 - 0.23383)
1 ROUGE-1 Average_P: 0.40517 (95%-conf.int. 0.40517 - 0.40517)
1 ROUGE-1 Average_F: 0.29653 (95%-conf.int. 0.29653 - 0.29653)
---------------------------------------------
1 ROUGE-2 Average_R: 0.03769 (95%-conf.int. 0.03769 - 0.03769)
1 ROUGE-2 Average_P: 0.06579 (95%-conf.int. 0.06579 - 0.06579)
1 ROUGE-2 Average_F: 0.04792 (95%-conf.int. 0.04792 - 0.04792)
---------------------------------------------
1 ROUGE-3 Average_R: 0.00508 (95%-conf.int. 0.00508 - 0.00508)
1 ROUGE-3 Average_P: 0.00893 (95%-conf.int. 0.00893 - 0.00893)
1 ROUGE-3 Average_F: 0.00648 (95%-conf.int. 0.00648 - 0.00648)
---------------------------------------------
1 ROUGE-4 Average_R: 0.00000 (95%-conf.int. 0.00000 - 0.00000)
1 ROUGE-4 Average_P: 0.00000 (95%-conf.int. 0.00000 - 0.00000)
1 ROUGE-4 Average_F: 0.00000 (95%-conf.int. 0.00000 - 0.00000)
---------------------------------------------
1 ROUGE-L Average_R: 0.19652 (95%-conf.int. 0.19652 - 0.19652)
1 ROUGE-L Average_P: 0.34052 (95%-conf.int. 0.34052 - 0.34052)
1 ROUGE-L Average_F: 0.24921 (95%-conf.int. 0.24921 - 0.24921)
---------------------------------------------
1 ROUGE-W-1.2 Average_R: 0.07014 (95%-conf.int. 0.07014 - 0.07014)
1 ROUGE-W-1.2 Average_P: 0.22736 (95%-conf.int. 0.22736 - 0.22736)
1 ROUGE-W-1.2 Average_F: 0.10721 (95%-conf.int. 0.10721 - 0.10721)

31 D0815C-A
---------------------------------------------
1 ROUGE-1 Average_R: 0.34015 (95%-conf.int. 0.34015 - 0.34015)
1 ROUGE-1 Average_P: 0.42089 (95%-conf.int. 0.42089 - 0.42089)
1 ROUGE-1 Average_F: 0.37624 (95%-conf.int. 0.37624 - 0.37624)
---------------------------------------------
1 ROUGE-2 Average_R: 0.07235 (95%-conf.int. 0.07235 - 0.07235)
1 ROUGE-2 Average_P: 0.08974 (95%-conf.int. 0.08974 - 0.08974)
1 ROUGE-2 Average_F: 0.08011 (95%-conf.int. 0.08011 - 0.08011)
---------------------------------------------
1 ROUGE-3 Average_R: 0.01567 (95%-conf.int. 0.01567 - 0.01567)
1 ROUGE-3 Average_P: 0.01948 (95%-conf.int. 0.01948 - 0.01948)
1 ROUGE-3 Average_F: 0.01737 (95%-conf.int. 0.01737 - 0.01737)
---------------------------------------------
1 ROUGE-4 Average_R: 0.00528 (95%-conf.int. 0.00528 - 0.00528)
1 ROUGE-4 Average_P: 0.00658 (95%-conf.int. 0.00658 - 0.00658)
1 ROUGE-4 Average_F: 0.00586 (95%-conf.int. 0.00586 - 0.00586)
---------------------------------------------
1 ROUGE-L Average_R: 0.25862 (95%-conf.int. 0.25862 - 0.25862)
1 ROUGE-L Average_P: 0.33228 (95%-conf.int. 0.33228 - 0.33228)
1 ROUGE-L Average_F: 0.29086 (95%-conf.int. 0.29086 - 0.29086)
---------------------------------------------
1 ROUGE-W-1.2 Average_R: 0.09364 (95%-conf.int. 0.09364 - 0.09364)
1 ROUGE-W-1.2 Average_P: 0.22061 (95%-conf.int. 0.22061 - 0.22061)
1 ROUGE-W-1.2 Average_F: 0.13147 (95%-conf.int. 0.13147 - 0.13147)

32 D0813B-A
---------------------------------------------
1 ROUGE-1 Average_R: 0.25686 (95%-conf.int. 0.25686 - 0.25686)
1 ROUGE-1 Average_P: 0.48585 (95%-conf.int. 0.48585 - 0.48585)
1 ROUGE-1 Average_F: 0.33605 (95%-conf.int. 0.33605 - 0.33605)
---------------------------------------------
1 ROUGE-2 Average_R: 0.03023 (95%-conf.int. 0.03023 - 0.03023)
1 ROUGE-2 Average_P: 0.05769 (95%-conf.int. 0.05769 - 0.05769)
1 ROUGE-2 Average_F: 0.03967 (95%-conf.int. 0.03967 - 0.03967)
---------------------------------------------
1 ROUGE-3 Average_R: 0.00509 (95%-conf.int. 0.00509 - 0.00509)
1 ROUGE-3 Average_P: 0.00980 (95%-conf.int. 0.00980 - 0.00980)
1 ROUGE-3 Average_F: 0.00670 (95%-conf.int. 0.00670 - 0.00670)
---------------------------------------------
1 ROUGE-4 Average_R: 0.00000 (95%-conf.int. 0.00000 - 0.00000)
1 ROUGE-4 Average_P: 0.00000 (95%-conf.int. 0.00000 - 0.00000)
1 ROUGE-4 Average_F: 0.00000 (95%-conf.int. 0.00000 - 0.00000)
---------------------------------------------
1 ROUGE-L Average_R: 0.20948 (95%-conf.int. 0.20948 - 0.20948)
1 ROUGE-L Average_P: 0.39623 (95%-conf.int. 0.39623 - 0.39623)
1 ROUGE-L Average_F: 0.27407 (95%-conf.int. 0.27407 - 0.27407)
---------------------------------------------
1 ROUGE-W-1.2 Average_R: 0.07346 (95%-conf.int. 0.07346 - 0.07346)
1 ROUGE-W-1.2 Average_P: 0.24803 (95%-conf.int. 0.24803 - 0.24803)
1 ROUGE-W-1.2 Average_F: 0.11335 (95%-conf.int. 0.11335 - 0.11335)

33 D0818D-A
---------------------------------------------
1 ROUGE-1 Average_R: 0.36520 (95%-conf.int. 0.36520 - 0.36520)
1 ROUGE-1 Average_P: 0.44880 (95%-conf.int. 0.44880 - 0.44880)
1 ROUGE-1 Average_F: 0.40271 (95%-conf.int. 0.40271 - 0.40271)
---------------------------------------------
1 ROUGE-2 Average_R: 0.11881 (95%-conf.int. 0.11881 - 0.11881)
1 ROUGE-2 Average_P: 0.14634 (95%-conf.int. 0.14634 - 0.14634)
1 ROUGE-2 Average_F: 0.13115 (95%-conf.int. 0.13115 - 0.13115)
---------------------------------------------
1 ROUGE-3 Average_R: 0.05250 (95%-conf.int. 0.05250 - 0.05250)
1 ROUGE-3 Average_P: 0.06481 (95%-conf.int. 0.06481 - 0.06481)
1 ROUGE-3 Average_F: 0.05801 (95%-conf.int. 0.05801 - 0.05801)
---------------------------------------------
1 ROUGE-4 Average_R: 0.02273 (95%-conf.int. 0.02273 - 0.02273)
1 ROUGE-4 Average_P: 0.02813 (95%-conf.int. 0.02813 - 0.02813)
1 ROUGE-4 Average_F: 0.02514 (95%-conf.int. 0.02514 - 0.02514)
---------------------------------------------
1 ROUGE-L Average_R: 0.29657 (95%-conf.int. 0.29657 - 0.29657)
1 ROUGE-L Average_P: 0.36446 (95%-conf.int. 0.36446 - 0.36446)
1 ROUGE-L Average_F: 0.32703 (95%-conf.int. 0.32703 - 0.32703)
---------------------------------------------
1 ROUGE-W-1.2 Average_R: 0.10358 (95%-conf.int. 0.10358 - 0.10358)
1 ROUGE-W-1.2 Average_P: 0.22968 (95%-conf.int. 0.22968 - 0.22968)
1 ROUGE-W-1.2 Average_F: 0.14277 (95%-conf.int. 0.14277 - 0.14277)

34 D0848H-A
---------------------------------------------
1 ROUGE-1 Average_R: 0.27047 (95%-conf.int. 0.27047 - 0.27047)
1 ROUGE-1 Average_P: 0.41288 (95%-conf.int. 0.41288 - 0.41288)
1 ROUGE-1 Average_F: 0.32684 (95%-conf.int. 0.32684 - 0.32684)
---------------------------------------------
1 ROUGE-2 Average_R: 0.06266 (95%-conf.int. 0.06266 - 0.06266)
1 ROUGE-2 Average_P: 0.09615 (95%-conf.int. 0.09615 - 0.09615)
1 ROUGE-2 Average_F: 0.07587 (95%-conf.int. 0.07587 - 0.07587)
---------------------------------------------
1 ROUGE-3 Average_R: 0.02532 (95%-conf.int. 0.02532 - 0.02532)
1 ROUGE-3 Average_P: 0.03906 (95%-conf.int. 0.03906 - 0.03906)
1 ROUGE-3 Average_F: 0.03072 (95%-conf.int. 0.03072 - 0.03072)
---------------------------------------------
1 ROUGE-4 Average_R: 0.01535 (95%-conf.int. 0.01535 - 0.01535)
1 ROUGE-4 Average_P: 0.02381 (95%-conf.int. 0.02381 - 0.02381)
1 ROUGE-4 Average_F: 0.01867 (95%-conf.int. 0.01867 - 0.01867)
---------------------------------------------
1 ROUGE-L Average_R: 0.21588 (95%-conf.int. 0.21588 - 0.21588)
1 ROUGE-L Average_P: 0.32955 (95%-conf.int. 0.32955 - 0.32955)
1 ROUGE-L Average_F: 0.26087 (95%-conf.int. 0.26087 - 0.26087)
---------------------------------------------
1 ROUGE-W-1.2 Average_R: 0.07748 (95%-conf.int. 0.07748 - 0.07748)
1 ROUGE-W-1.2 Average_P: 0.21988 (95%-conf.int. 0.21988 - 0.21988)
1 ROUGE-W-1.2 Average_F: 0.11458 (95%-conf.int. 0.11458 - 0.11458)

35 D0828E-A
---------------------------------------------
1 ROUGE-1 Average_R: 0.26010 (95%-conf.int. 0.26010 - 0.26010)
1 ROUGE-1 Average_P: 0.43644 (95%-conf.int. 0.43644 - 0.43644)
1 ROUGE-1 Average_F: 0.32595 (95%-conf.int. 0.32595 - 0.32595)
---------------------------------------------
1 ROUGE-2 Average_R: 0.09184 (95%-conf.int. 0.09184 - 0.09184)
1 ROUGE-2 Average_P: 0.15517 (95%-conf.int. 0.15517 - 0.15517)
1 ROUGE-2 Average_F: 0.11539 (95%-conf.int. 0.11539 - 0.11539)
---------------------------------------------
1 ROUGE-3 Average_R: 0.04639 (95%-conf.int. 0.04639 - 0.04639)
1 ROUGE-3 Average_P: 0.07895 (95%-conf.int. 0.07895 - 0.07895)
1 ROUGE-3 Average_F: 0.05844 (95%-conf.int. 0.05844 - 0.05844)
---------------------------------------------
1 ROUGE-4 Average_R: 0.03385 (95%-conf.int. 0.03385 - 0.03385)
1 ROUGE-4 Average_P: 0.05804 (95%-conf.int. 0.05804 - 0.05804)
1 ROUGE-4 Average_F: 0.04276 (95%-conf.int. 0.04276 - 0.04276)
---------------------------------------------
1 ROUGE-L Average_R: 0.22980 (95%-conf.int. 0.22980 - 0.22980)
1 ROUGE-L Average_P: 0.38559 (95%-conf.int. 0.38559 - 0.38559)
1 ROUGE-L Average_F: 0.28798 (95%-conf.int. 0.28798 - 0.28798)
---------------------------------------------
1 ROUGE-W-1.2 Average_R: 0.08975 (95%-conf.int. 0.08975 - 0.08975)
1 ROUGE-W-1.2 Average_P: 0.26815 (95%-conf.int. 0.26815 - 0.26815)
1 ROUGE-W-1.2 Average_F: 0.13449 (95%-conf.int. 0.13449 - 0.13449)

36 D0833F-A
---------------------------------------------
1 ROUGE-1 Average_R: 0.32668 (95%-conf.int. 0.32668 - 0.32668)
1 ROUGE-1 Average_P: 0.41456 (95%-conf.int. 0.41456 - 0.41456)
1 ROUGE-1 Average_F: 0.36541 (95%-conf.int. 0.36541 - 0.36541)
---------------------------------------------
1 ROUGE-2 Average_R: 0.14861 (95%-conf.int. 0.14861 - 0.14861)
1 ROUGE-2 Average_P: 0.18910 (95%-conf.int. 0.18910 - 0.18910)
1 ROUGE-2 Average_F: 0.16643 (95%-conf.int. 0.16643 - 0.16643)
---------------------------------------------
1 ROUGE-3 Average_R: 0.10941 (95%-conf.int. 0.10941 - 0.10941)
1 ROUGE-3 Average_P: 0.13961 (95%-conf.int. 0.13961 - 0.13961)
1 ROUGE-3 Average_F: 0.12268 (95%-conf.int. 0.12268 - 0.12268)
---------------------------------------------
1 ROUGE-4 Average_R: 0.08483 (95%-conf.int. 0.08483 - 0.08483)
1 ROUGE-4 Average_P: 0.10855 (95%-conf.int. 0.10855 - 0.10855)
1 ROUGE-4 Average_F: 0.09524 (95%-conf.int. 0.09524 - 0.09524)
---------------------------------------------
1 ROUGE-L Average_R: 0.29925 (95%-conf.int. 0.29925 - 0.29925)
1 ROUGE-L Average_P: 0.37975 (95%-conf.int. 0.37975 - 0.37975)
1 ROUGE-L Average_F: 0.33473 (95%-conf.int. 0.33473 - 0.33473)
---------------------------------------------
1 ROUGE-W-1.2 Average_R: 0.12219 (95%-conf.int. 0.12219 - 0.12219)
1 ROUGE-W-1.2 Average_P: 0.27322 (95%-conf.int. 0.27322 - 0.27322)
1 ROUGE-W-1.2 Average_F: 0.16886 (95%-conf.int. 0.16886 - 0.16886)

37 D0844H-A
---------------------------------------------
1 ROUGE-1 Average_R: 0.32732 (95%-conf.int. 0.32732 - 0.32732)
1 ROUGE-1 Average_P: 0.56696 (95%-conf.int. 0.56696 - 0.56696)
1 ROUGE-1 Average_F: 0.41503 (95%-conf.int. 0.41503 - 0.41503)
---------------------------------------------
1 ROUGE-2 Average_R: 0.10156 (95%-conf.int. 0.10156 - 0.10156)
1 ROUGE-2 Average_P: 0.17727 (95%-conf.int. 0.17727 - 0.17727)
1 ROUGE-2 Average_F: 0.12914 (95%-conf.int. 0.12914 - 0.12914)
---------------------------------------------
1 ROUGE-3 Average_R: 0.04211 (95%-conf.int. 0.04211 - 0.04211)
1 ROUGE-3 Average_P: 0.07407 (95%-conf.int. 0.07407 - 0.07407)
1 ROUGE-3 Average_F: 0.05369 (95%-conf.int. 0.05369 - 0.05369)
---------------------------------------------
1 ROUGE-4 Average_R: 0.02394 (95%-conf.int. 0.02394 - 0.02394)
1 ROUGE-4 Average_P: 0.04245 (95%-conf.int. 0.04245 - 0.04245)
1 ROUGE-4 Average_F: 0.03061 (95%-conf.int. 0.03061 - 0.03061)
---------------------------------------------
1 ROUGE-L Average_R: 0.28351 (95%-conf.int. 0.28351 - 0.28351)
1 ROUGE-L Average_P: 0.49107 (95%-conf.int. 0.49107 - 0.49107)
1 ROUGE-L Average_F: 0.35948 (95%-conf.int. 0.35948 - 0.35948)
---------------------------------------------
1 ROUGE-W-1.2 Average_R: 0.10590 (95%-conf.int. 0.10590 - 0.10590)
1 ROUGE-W-1.2 Average_P: 0.32423 (95%-conf.int. 0.32423 - 0.32423)
1 ROUGE-W-1.2 Average_F: 0.15965 (95%-conf.int. 0.15965 - 0.15965)

38 D0831F-A
---------------------------------------------
1 ROUGE-1 Average_R: 0.28321 (95%-conf.int. 0.28321 - 0.28321)
1 ROUGE-1 Average_P: 0.44841 (95%-conf.int. 0.44841 - 0.44841)
1 ROUGE-1 Average_F: 0.34716 (95%-conf.int. 0.34716 - 0.34716)
---------------------------------------------
1 ROUGE-2 Average_R: 0.10886 (95%-conf.int. 0.10886 - 0.10886)
1 ROUGE-2 Average_P: 0.17339 (95%-conf.int. 0.17339 - 0.17339)
1 ROUGE-2 Average_F: 0.13375 (95%-conf.int. 0.13375 - 0.13375)
---------------------------------------------
1 ROUGE-3 Average_R: 0.06138 (95%-conf.int. 0.06138 - 0.06138)
1 ROUGE-3 Average_P: 0.09836 (95%-conf.int. 0.09836 - 0.09836)
1 ROUGE-3 Average_F: 0.07559 (95%-conf.int. 0.07559 - 0.07559)
---------------------------------------------
1 ROUGE-4 Average_R: 0.03618 (95%-conf.int. 0.03618 - 0.03618)
1 ROUGE-4 Average_P: 0.05833 (95%-conf.int. 0.05833 - 0.05833)
1 ROUGE-4 Average_F: 0.04466 (95%-conf.int. 0.04466 - 0.04466)
---------------------------------------------
1 ROUGE-L Average_R: 0.26316 (95%-conf.int. 0.26316 - 0.26316)
1 ROUGE-L Average_P: 0.41667 (95%-conf.int. 0.41667 - 0.41667)
1 ROUGE-L Average_F: 0.32258 (95%-conf.int. 0.32258 - 0.32258)
---------------------------------------------
1 ROUGE-W-1.2 Average_R: 0.09188 (95%-conf.int. 0.09188 - 0.09188)
1 ROUGE-W-1.2 Average_P: 0.25624 (95%-conf.int. 0.25624 - 0.25624)
1 ROUGE-W-1.2 Average_F: 0.13526 (95%-conf.int. 0.13526 - 0.13526)

39 D0824E-A
---------------------------------------------
1 ROUGE-1 Average_R: 0.31429 (95%-conf.int. 0.31429 - 0.31429)
1 ROUGE-1 Average_P: 0.42606 (95%-conf.int. 0.42606 - 0.42606)
1 ROUGE-1 Average_F: 0.36174 (95%-conf.int. 0.36174 - 0.36174)
---------------------------------------------
1 ROUGE-2 Average_R: 0.09449 (95%-conf.int. 0.09449 - 0.09449)
1 ROUGE-2 Average_P: 0.12857 (95%-conf.int. 0.12857 - 0.12857)
1 ROUGE-2 Average_F: 0.10893 (95%-conf.int. 0.10893 - 0.10893)
---------------------------------------------
1 ROUGE-3 Average_R: 0.04775 (95%-conf.int. 0.04775 - 0.04775)
1 ROUGE-3 Average_P: 0.06522 (95%-conf.int. 0.06522 - 0.06522)
1 ROUGE-3 Average_F: 0.05513 (95%-conf.int. 0.05513 - 0.05513)
---------------------------------------------
1 ROUGE-4 Average_R: 0.02681 (95%-conf.int. 0.02681 - 0.02681)
1 ROUGE-4 Average_P: 0.03676 (95%-conf.int. 0.03676 - 0.03676)
1 ROUGE-4 Average_F: 0.03101 (95%-conf.int. 0.03101 - 0.03101)
---------------------------------------------
1 ROUGE-L Average_R: 0.26420 (95%-conf.int. 0.26420 - 0.26420)
1 ROUGE-L Average_P: 0.37676 (95%-conf.int. 0.37676 - 0.37676)
1 ROUGE-L Average_F: 0.31060 (95%-conf.int. 0.31060 - 0.31060)
---------------------------------------------
1 ROUGE-W-1.2 Average_R: 0.10489 (95%-conf.int. 0.10489 - 0.10489)
1 ROUGE-W-1.2 Average_P: 0.25428 (95%-conf.int. 0.25428 - 0.25428)
1 ROUGE-W-1.2 Average_F: 0.14852 (95%-conf.int. 0.14852 - 0.14852)

40 D0835F-A
---------------------------------------------
1 ROUGE-1 Average_R: 0.14251 (95%-conf.int. 0.14251 - 0.14251)
1 ROUGE-1 Average_P: 0.27885 (95%-conf.int. 0.27885 - 0.27885)
1 ROUGE-1 Average_F: 0.18862 (95%-conf.int. 0.18862 - 0.18862)
---------------------------------------------
1 ROUGE-2 Average_R: 0.04218 (95%-conf.int. 0.04218 - 0.04218)
1 ROUGE-2 Average_P: 0.08333 (95%-conf.int. 0.08333 - 0.08333)
1 ROUGE-2 Average_F: 0.05601 (95%-conf.int. 0.05601 - 0.05601)
---------------------------------------------
1 ROUGE-3 Average_R: 0.02005 (95%-conf.int. 0.02005 - 0.02005)
1 ROUGE-3 Average_P: 0.04000 (95%-conf.int. 0.04000 - 0.04000)
1 ROUGE-3 Average_F: 0.02671 (95%-conf.int. 0.02671 - 0.02671)
---------------------------------------------
1 ROUGE-4 Average_R: 0.00506 (95%-conf.int. 0.00506 - 0.00506)
1 ROUGE-4 Average_P: 0.01020 (95%-conf.int. 0.01020 - 0.01020)
1 ROUGE-4 Average_F: 0.00676 (95%-conf.int. 0.00676 - 0.00676)
---------------------------------------------
1 ROUGE-L Average_R: 0.12531 (95%-conf.int. 0.12531 - 0.12531)
1 ROUGE-L Average_P: 0.24519 (95%-conf.int. 0.24519 - 0.24519)
1 ROUGE-L Average_F: 0.16586 (95%-conf.int. 0.16586 - 0.16586)
---------------------------------------------
1 ROUGE-W-1.2 Average_R: 0.05120 (95%-conf.int. 0.05120 - 0.05120)
1 ROUGE-W-1.2 Average_P: 0.17711 (95%-conf.int. 0.17711 - 0.17711)
1 ROUGE-W-1.2 Average_F: 0.07944 (95%-conf.int. 0.07944 - 0.07944)

41 D0829F-A
---------------------------------------------
1 ROUGE-1 Average_R: 0.31218 (95%-conf.int. 0.31218 - 0.31218)
1 ROUGE-1 Average_P: 0.40461 (95%-conf.int. 0.40461 - 0.40461)
1 ROUGE-1 Average_F: 0.35244 (95%-conf.int. 0.35244 - 0.35244)
---------------------------------------------
1 ROUGE-2 Average_R: 0.07692 (95%-conf.int. 0.07692 - 0.07692)
1 ROUGE-2 Average_P: 0.10000 (95%-conf.int. 0.10000 - 0.10000)
1 ROUGE-2 Average_F: 0.08695 (95%-conf.int. 0.08695 - 0.08695)
---------------------------------------------
1 ROUGE-3 Average_R: 0.01554 (95%-conf.int. 0.01554 - 0.01554)
1 ROUGE-3 Average_P: 0.02027 (95%-conf.int. 0.02027 - 0.02027)
1 ROUGE-3 Average_F: 0.01759 (95%-conf.int. 0.01759 - 0.01759)
---------------------------------------------
1 ROUGE-4 Average_R: 0.00262 (95%-conf.int. 0.00262 - 0.00262)
1 ROUGE-4 Average_P: 0.00342 (95%-conf.int. 0.00342 - 0.00342)
1 ROUGE-4 Average_F: 0.00297 (95%-conf.int. 0.00297 - 0.00297)
---------------------------------------------
1 ROUGE-L Average_R: 0.25063 (95%-conf.int. 0.25063 - 0.25063)
1 ROUGE-L Average_P: 0.32566 (95%-conf.int. 0.32566 - 0.32566)
1 ROUGE-L Average_F: 0.28326 (95%-conf.int. 0.28326 - 0.28326)
---------------------------------------------
1 ROUGE-W-1.2 Average_R: 0.08992 (95%-conf.int. 0.08992 - 0.08992)
1 ROUGE-W-1.2 Average_P: 0.20938 (95%-conf.int. 0.20938 - 0.20938)
1 ROUGE-W-1.2 Average_F: 0.12581 (95%-conf.int. 0.12581 - 0.12581)

42 D0816C-A
---------------------------------------------
1 ROUGE-1 Average_R: 0.30808 (95%-conf.int. 0.30808 - 0.30808)
1 ROUGE-1 Average_P: 0.42361 (95%-conf.int. 0.42361 - 0.42361)
1 ROUGE-1 Average_F: 0.35672 (95%-conf.int. 0.35672 - 0.35672)
---------------------------------------------
1 ROUGE-2 Average_R: 0.08418 (95%-conf.int. 0.08418 - 0.08418)
1 ROUGE-2 Average_P: 0.11620 (95%-conf.int. 0.11620 - 0.11620)
1 ROUGE-2 Average_F: 0.09763 (95%-conf.int. 0.09763 - 0.09763)
---------------------------------------------
1 ROUGE-3 Average_R: 0.01804 (95%-conf.int. 0.01804 - 0.01804)
1 ROUGE-3 Average_P: 0.02500 (95%-conf.int. 0.02500 - 0.02500)
1 ROUGE-3 Average_F: 0.02096 (95%-conf.int. 0.02096 - 0.02096)
---------------------------------------------
1 ROUGE-4 Average_R: 0.00000 (95%-conf.int. 0.00000 - 0.00000)
1 ROUGE-4 Average_P: 0.00000 (95%-conf.int. 0.00000 - 0.00000)
1 ROUGE-4 Average_F: 0.00000 (95%-conf.int. 0.00000 - 0.00000)
---------------------------------------------
1 ROUGE-L Average_R: 0.25000 (95%-conf.int. 0.25000 - 0.25000)
1 ROUGE-L Average_P: 0.34375 (95%-conf.int. 0.34375 - 0.34375)
1 ROUGE-L Average_F: 0.28947 (95%-conf.int. 0.28947 - 0.28947)
---------------------------------------------
1 ROUGE-W-1.2 Average_R: 0.08179 (95%-conf.int. 0.08179 - 0.08179)
1 ROUGE-W-1.2 Average_P: 0.21266 (95%-conf.int. 0.21266 - 0.21266)
1 ROUGE-W-1.2 Average_F: 0.11814 (95%-conf.int. 0.11814 - 0.11814)

43 D0822D-A
---------------------------------------------
1 ROUGE-1 Average_R: 0.29426 (95%-conf.int. 0.29426 - 0.29426)
1 ROUGE-1 Average_P: 0.44697 (95%-conf.int. 0.44697 - 0.44697)
1 ROUGE-1 Average_F: 0.35488 (95%-conf.int. 0.35488 - 0.35488)
---------------------------------------------
1 ROUGE-2 Average_R: 0.08816 (95%-conf.int. 0.08816 - 0.08816)
1 ROUGE-2 Average_P: 0.13462 (95%-conf.int. 0.13462 - 0.13462)
1 ROUGE-2 Average_F: 0.10655 (95%-conf.int. 0.10655 - 0.10655)
---------------------------------------------
1 ROUGE-3 Average_R: 0.03817 (95%-conf.int. 0.03817 - 0.03817)
1 ROUGE-3 Average_P: 0.05859 (95%-conf.int. 0.05859 - 0.05859)
1 ROUGE-3 Average_F: 0.04623 (95%-conf.int. 0.04623 - 0.04623)
---------------------------------------------
1 ROUGE-4 Average_R: 0.02314 (95%-conf.int. 0.02314 - 0.02314)
1 ROUGE-4 Average_P: 0.03571 (95%-conf.int. 0.03571 - 0.03571)
1 ROUGE-4 Average_F: 0.02808 (95%-conf.int. 0.02808 - 0.02808)
---------------------------------------------
1 ROUGE-L Average_R: 0.27431 (95%-conf.int. 0.27431 - 0.27431)
1 ROUGE-L Average_P: 0.41667 (95%-conf.int. 0.41667 - 0.41667)
1 ROUGE-L Average_F: 0.33083 (95%-conf.int. 0.33083 - 0.33083)
---------------------------------------------
1 ROUGE-W-1.2 Average_R: 0.10072 (95%-conf.int. 0.10072 - 0.10072)
1 ROUGE-W-1.2 Average_P: 0.27133 (95%-conf.int. 0.27133 - 0.27133)
1 ROUGE-W-1.2 Average_F: 0.14691 (95%-conf.int. 0.14691 - 0.14691)

44 D0845H-A
---------------------------------------------
1 ROUGE-1 Average_R: 0.37056 (95%-conf.int. 0.37056 - 0.37056)
1 ROUGE-1 Average_P: 0.48667 (95%-conf.int. 0.48667 - 0.48667)
1 ROUGE-1 Average_F: 0.42075 (95%-conf.int. 0.42075 - 0.42075)
---------------------------------------------
1 ROUGE-2 Average_R: 0.18205 (95%-conf.int. 0.18205 - 0.18205)
1 ROUGE-2 Average_P: 0.23986 (95%-conf.int. 0.23986 - 0.23986)
1 ROUGE-2 Average_F: 0.20699 (95%-conf.int. 0.20699 - 0.20699)
---------------------------------------------
1 ROUGE-3 Average_R: 0.11917 (95%-conf.int. 0.11917 - 0.11917)
1 ROUGE-3 Average_P: 0.15753 (95%-conf.int. 0.15753 - 0.15753)
1 ROUGE-3 Average_F: 0.13569 (95%-conf.int. 0.13569 - 0.13569)
---------------------------------------------
1 ROUGE-4 Average_R: 0.09162 (95%-conf.int. 0.09162 - 0.09162)
1 ROUGE-4 Average_P: 0.12153 (95%-conf.int. 0.12153 - 0.12153)
1 ROUGE-4 Average_F: 0.10448 (95%-conf.int. 0.10448 - 0.10448)
---------------------------------------------
1 ROUGE-L Average_R: 0.31218 (95%-conf.int. 0.31218 - 0.31218)
1 ROUGE-L Average_P: 0.41000 (95%-conf.int. 0.41000 - 0.41000)
1 ROUGE-L Average_F: 0.35447 (95%-conf.int. 0.35447 - 0.35447)
---------------------------------------------
1 ROUGE-W-1.2 Average_R: 0.11676 (95%-conf.int. 0.11676 - 0.11676)
1 ROUGE-W-1.2 Average_P: 0.29948 (95%-conf.int. 0.29948 - 0.29948)
1 ROUGE-W-1.2 Average_F: 0.16802 (95%-conf.int. 0.16802 - 0.16802)

45 D0827E-A
---------------------------------------------
1 ROUGE-1 Average_R: 0.26873 (95%-conf.int. 0.26873 - 0.26873)
1 ROUGE-1 Average_P: 0.42623 (95%-conf.int. 0.42623 - 0.42623)
1 ROUGE-1 Average_F: 0.32963 (95%-conf.int. 0.32963 - 0.32963)
---------------------------------------------
1 ROUGE-2 Average_R: 0.07833 (95%-conf.int. 0.07833 - 0.07833)
1 ROUGE-2 Average_P: 0.12500 (95%-conf.int. 0.12500 - 0.12500)
1 ROUGE-2 Average_F: 0.09631 (95%-conf.int. 0.09631 - 0.09631)
---------------------------------------------
1 ROUGE-3 Average_R: 0.02639 (95%-conf.int. 0.02639 - 0.02639)
1 ROUGE-3 Average_P: 0.04237 (95%-conf.int. 0.04237 - 0.04237)
1 ROUGE-3 Average_F: 0.03252 (95%-conf.int. 0.03252 - 0.03252)
---------------------------------------------
1 ROUGE-4 Average_R: 0.01333 (95%-conf.int. 0.01333 - 0.01333)
1 ROUGE-4 Average_P: 0.02155 (95%-conf.int. 0.02155 - 0.02155)
1 ROUGE-4 Average_F: 0.01647 (95%-conf.int. 0.01647 - 0.01647)
---------------------------------------------
1 ROUGE-L Average_R: 0.23256 (95%-conf.int. 0.23256 - 0.23256)
1 ROUGE-L Average_P: 0.36885 (95%-conf.int. 0.36885 - 0.36885)
1 ROUGE-L Average_F: 0.28526 (95%-conf.int. 0.28526 - 0.28526)
---------------------------------------------
1 ROUGE-W-1.2 Average_R: 0.09166 (95%-conf.int. 0.09166 - 0.09166)
1 ROUGE-W-1.2 Average_P: 0.25204 (95%-conf.int. 0.25204 - 0.25204)
1 ROUGE-W-1.2 Average_F: 0.13443 (95%-conf.int. 0.13443 - 0.13443)

46 D0832F-A
---------------------------------------------
1 ROUGE-1 Average_R: 0.29756 (95%-conf.int. 0.29756 - 0.29756)
1 ROUGE-1 Average_P: 0.48413 (95%-conf.int. 0.48413 - 0.48413)
1 ROUGE-1 Average_F: 0.36858 (95%-conf.int. 0.36858 - 0.36858)
---------------------------------------------
1 ROUGE-2 Average_R: 0.07389 (95%-conf.int. 0.07389 - 0.07389)
1 ROUGE-2 Average_P: 0.12097 (95%-conf.int. 0.12097 - 0.12097)
1 ROUGE-2 Average_F: 0.09174 (95%-conf.int. 0.09174 - 0.09174)
---------------------------------------------
1 ROUGE-3 Average_R: 0.03731 (95%-conf.int. 0.03731 - 0.03731)
1 ROUGE-3 Average_P: 0.06148 (95%-conf.int. 0.06148 - 0.06148)
1 ROUGE-3 Average_F: 0.04644 (95%-conf.int. 0.04644 - 0.04644)
---------------------------------------------
1 ROUGE-4 Average_R: 0.02010 (95%-conf.int. 0.02010 - 0.02010)
1 ROUGE-4 Average_P: 0.03333 (95%-conf.int. 0.03333 - 0.03333)
1 ROUGE-4 Average_F: 0.02508 (95%-conf.int. 0.02508 - 0.02508)
---------------------------------------------
1 ROUGE-L Average_R: 0.24146 (95%-conf.int. 0.24146 - 0.24146)
1 ROUGE-L Average_P: 0.39286 (95%-conf.int. 0.39286 - 0.39286)
1 ROUGE-L Average_F: 0.29909 (95%-conf.int. 0.29909 - 0.29909)
---------------------------------------------
1 ROUGE-W-1.2 Average_R: 0.08382 (95%-conf.int. 0.08382 - 0.08382)
1 ROUGE-W-1.2 Average_P: 0.25704 (95%-conf.int. 0.25704 - 0.25704)
1 ROUGE-W-1.2 Average_F: 0.12642 (95%-conf.int. 0.12642 - 0.12642)

47 D0810B-A
---------------------------------------------
1 ROUGE-1 Average_R: 0.35638 (95%-conf.int. 0.35638 - 0.35638)
1 ROUGE-1 Average_P: 0.34184 (95%-conf.int. 0.34184 - 0.34184)
1 ROUGE-1 Average_F: 0.34896 (95%-conf.int. 0.34896 - 0.34896)
---------------------------------------------
1 ROUGE-2 Average_R: 0.07527 (95%-conf.int. 0.07527 - 0.07527)
1 ROUGE-2 Average_P: 0.07216 (95%-conf.int. 0.07216 - 0.07216)
1 ROUGE-2 Average_F: 0.07368 (95%-conf.int. 0.07368 - 0.07368)
---------------------------------------------
1 ROUGE-3 Average_R: 0.02446 (95%-conf.int. 0.02446 - 0.02446)
1 ROUGE-3 Average_P: 0.02344 (95%-conf.int. 0.02344 - 0.02344)
1 ROUGE-3 Average_F: 0.02394 (95%-conf.int. 0.02394 - 0.02394)
---------------------------------------------
1 ROUGE-4 Average_R: 0.01374 (95%-conf.int. 0.01374 - 0.01374)
1 ROUGE-4 Average_P: 0.01316 (95%-conf.int. 0.01316 - 0.01316)
1 ROUGE-4 Average_F: 0.01344 (95%-conf.int. 0.01344 - 0.01344)
---------------------------------------------
1 ROUGE-L Average_R: 0.28191 (95%-conf.int. 0.28191 - 0.28191)
1 ROUGE-L Average_P: 0.27041 (95%-conf.int. 0.27041 - 0.27041)
1 ROUGE-L Average_F: 0.27604 (95%-conf.int. 0.27604 - 0.27604)
---------------------------------------------
1 ROUGE-W-1.2 Average_R: 0.09936 (95%-conf.int. 0.09936 - 0.09936)
1 ROUGE-W-1.2 Average_P: 0.17481 (95%-conf.int. 0.17481 - 0.17481)
1 ROUGE-W-1.2 Average_F: 0.12670 (95%-conf.int. 0.12670 - 0.12670)


R-1 	0.319 0.413 0.267
R-2 	0.085 0.110 0.070
R-3 	0.035 0.046 0.029
R-4 	0.019 0.026 0.016
R-l 	0.273 0.356 0.228
R-w 	0.122 0.236 0.083
